#
# There is insufficient memory for the Java Runtime Environment to continue.
# Native memory allocation (mmap) failed to map 65536 bytes for Failed to commit metaspace.
# Possible reasons:
#   The system is out of physical RAM or swap space
#   The process is running with CompressedOops enabled, and the Java Heap may be blocking the growth of the native heap
# Possible solutions:
#   Reduce memory load on the system
#   Increase physical memory or swap space
#   Check if swap backing store is full
#   Decrease Java heap size (-Xmx/-Xms)
#   Decrease number of Java threads
#   Decrease Java thread stack sizes (-Xss)
#   Set larger code cache with -XX:ReservedCodeCacheSize=
#   JVM is running with Unscaled Compressed Oops mode in which the Java heap is
#     placed in the first 4GB address space. The Java Heap base address is the
#     maximum limit for the native heap growth. Please use -XX:HeapBaseMinAddress
#     to set the Java Heap base and to place the Java Heap above 4GB virtual address.
# This output file may be truncated or incomplete.
#
#  Out of Memory Error (virtualSpaceNode.cpp:110), pid=220, tid=912
#
# JRE version: Java(TM) SE Runtime Environment (17.0.1+12) (build 17.0.1+12-LTS-39)
# Java VM: Java HotSpot(TM) 64-Bit Server VM (17.0.1+12-LTS-39, mixed mode, sharing, tiered, compressed oops, compressed class ptrs, g1 gc, windows-amd64)
# No core dump will be written. Minidumps are not enabled by default on client versions of Windows
#

---------------  S U M M A R Y ------------

Command Line: --module-path=C:\Users\MilanVissers\Documents\javafx-sdk-17.0.1\lib --add-modules=javafx.controls,javafx.fxml --add-modules=javafx.web -javaagent:C:\Program Files\JetBrains\IntelliJ IDEA Community Edition 2021.2.3\lib\idea_rt.jar=63376:C:\Program Files\JetBrains\IntelliJ IDEA Community Edition 2021.2.3\bin -Dfile.encoding=UTF-8 StartApp

Host: Intel(R) Core(TM) i3-6006U CPU @ 2.00GHz, 4 cores, 7G,  Windows 10 , 64 bit Build 19041 (10.0.19041.1348)
Time: Fri Dec 17 02:43:15 2021 Romance (standaardtijd) elapsed time: 1.150239 seconds (0d 0h 0m 1s)

---------------  T H R E A D  ---------------

Current thread (0x0000025c34948750):  JavaThread "JavaFX Application Thread" [_thread_in_vm, id=912, stack(0x000000637e000000,0x000000637e100000)]

Stack: [0x000000637e000000,0x000000637e100000]
Native frames: (J=compiled Java code, j=interpreted, Vv=VM code, C=native code)
V  [jvm.dll+0x66fa1a]
V  [jvm.dll+0x7ce5a4]
V  [jvm.dll+0x7cfd4e]
V  [jvm.dll+0x7d03b3]
V  [jvm.dll+0x242b05]
V  [jvm.dll+0x7ca54b]
V  [jvm.dll+0x615b76]
V  [jvm.dll+0x615bda]
V  [jvm.dll+0x6183ea]
V  [jvm.dll+0x616516]
V  [jvm.dll+0x1e5ee7]
V  [jvm.dll+0x1e8cf3]
V  [jvm.dll+0x1de1f1]
V  [jvm.dll+0x537690]
V  [jvm.dll+0x1ee9d7]
V  [jvm.dll+0x748afb]
V  [jvm.dll+0x749ea2]
V  [jvm.dll+0x74a1d8]
V  [jvm.dll+0x23ae5e]
V  [jvm.dll+0x37b5a6]
C  0x0000025c1c93ba20

Java frames: (J=compiled Java code, j=interpreted, Vv=VM code)
j  com.sun.org.apache.xerces.internal.utils.XMLSecurityPropertyManager.<init>()V+6 java.xml@17.0.1
j  com.sun.org.apache.xerces.internal.impl.PropertyManager.initConfigurableReaderProperties()V+291 java.xml@17.0.1
j  com.sun.org.apache.xerces.internal.impl.PropertyManager.<init>(I)V+45 java.xml@17.0.1
j  com.sun.xml.internal.stream.XMLInputFactoryImpl.<init>()V+10 java.xml@17.0.1
v  ~StubRoutines::call_stub
j  jdk.internal.reflect.NativeConstructorAccessorImpl.newInstance0(Ljava/lang/reflect/Constructor;[Ljava/lang/Object;)Ljava/lang/Object;+0 java.base@17.0.1
j  jdk.internal.reflect.NativeConstructorAccessorImpl.newInstance([Ljava/lang/Object;)Ljava/lang/Object;+118 java.base@17.0.1
j  jdk.internal.reflect.DelegatingConstructorAccessorImpl.newInstance([Ljava/lang/Object;)Ljava/lang/Object;+5 java.base@17.0.1
j  java.lang.reflect.Constructor.newInstanceWithCaller([Ljava/lang/Object;ZLjava/lang/Class;)Ljava/lang/Object;+65 java.base@17.0.1
j  java.lang.reflect.Constructor.newInstance([Ljava/lang/Object;)Ljava/lang/Object;+30 java.base@17.0.1
j  javax.xml.stream.FactoryFinder.newInstance(Ljava/lang/Class;Ljava/lang/String;Ljava/lang/ClassLoader;ZZ)Ljava/lang/Object;+92 java.xml@17.0.1
j  javax.xml.stream.FactoryFinder.newInstance(Ljava/lang/Class;Ljava/lang/String;Ljava/lang/ClassLoader;Z)Ljava/lang/Object;+5 java.xml@17.0.1
j  javax.xml.stream.FactoryFinder.find(Ljava/lang/Class;Ljava/lang/String;Ljava/lang/ClassLoader;Ljava/lang/String;)Ljava/lang/Object;+373 java.xml@17.0.1
j  javax.xml.stream.FactoryFinder.find(Ljava/lang/Class;Ljava/lang/String;)Ljava/lang/Object;+7 java.xml@17.0.1
j  javax.xml.stream.XMLInputFactory.newInstance()Ljavax/xml/stream/XMLInputFactory;+4 java.xml@17.0.1
j  javafx.fxml.FXMLLoader.loadImpl(Ljava/io/InputStream;Ljava/lang/Class;)Ljava/lang/Object;+71 javafx.fxml
j  javafx.fxml.FXMLLoader.loadImpl(Ljava/lang/Class;)Ljava/lang/Object;+31 javafx.fxml
j  javafx.fxml.FXMLLoader.loadImpl(Ljava/net/URL;Ljava/util/ResourceBundle;Ljavafx/util/BuilderFactory;Ljavafx/util/Callback;Ljava/nio/charset/Charset;Ljava/lang/Class;)Ljava/lang/Object;+34 javafx.fxml
j  javafx.fxml.FXMLLoader.loadImpl(Ljava/net/URL;Ljava/util/ResourceBundle;Ljavafx/util/BuilderFactory;Ljavafx/util/Callback;Ljava/lang/Class;)Ljava/lang/Object;+11 javafx.fxml
j  javafx.fxml.FXMLLoader.loadImpl(Ljava/net/URL;Ljava/util/ResourceBundle;Ljavafx/util/BuilderFactory;Ljava/lang/Class;)Ljava/lang/Object;+5 javafx.fxml
j  javafx.fxml.FXMLLoader.loadImpl(Ljava/net/URL;Ljava/util/ResourceBundle;Ljava/lang/Class;)Ljava/lang/Object;+4 javafx.fxml
j  javafx.fxml.FXMLLoader.loadImpl(Ljava/net/URL;Ljava/lang/Class;)Ljava/lang/Object;+3 javafx.fxml
j  javafx.fxml.FXMLLoader.load(Ljava/net/URL;)Ljava/lang/Object;+17 javafx.fxml
j  StartApp.start(Ljavafx/stage/Stage;)V+9
j  com.sun.javafx.application.LauncherImpl.lambda$launchApplication1$9(Ljava/util/concurrent/atomic/AtomicBoolean;Ljavafx/application/Application;)V+20 javafx.graphics
j  com.sun.javafx.application.LauncherImpl$$Lambda$109+0x0000000800c3af88.run()V+8 javafx.graphics
j  com.sun.javafx.application.PlatformImpl.lambda$runAndWait$12(Ljava/lang/Runnable;Ljava/util/concurrent/CountDownLatch;)V+1 javafx.graphics
j  com.sun.javafx.application.PlatformImpl$$Lambda$102+0x0000000800c38a48.run()V+8 javafx.graphics
j  com.sun.javafx.application.PlatformImpl.lambda$runLater$10(Ljava/lang/Runnable;)Ljava/lang/Void;+1 javafx.graphics
j  com.sun.javafx.application.PlatformImpl$$Lambda$104+0x0000000800c39ac8.run()Ljava/lang/Object;+4 javafx.graphics
j  java.security.AccessController.executePrivileged(Ljava/security/PrivilegedAction;Ljava/security/AccessControlContext;Ljava/lang/Class;)Ljava/lang/Object;+29 java.base@17.0.1
j  java.security.AccessController.doPrivileged(Ljava/security/PrivilegedAction;Ljava/security/AccessControlContext;)Ljava/lang/Object;+13 java.base@17.0.1
j  com.sun.javafx.application.PlatformImpl.lambda$runLater$11(Ljava/lang/Runnable;Ljava/security/AccessControlContext;)V+7 javafx.graphics
j  com.sun.javafx.application.PlatformImpl$$Lambda$103+0x0000000800c39248.run()V+8 javafx.graphics
j  com.sun.glass.ui.InvokeLaterDispatcher$Future.run()V+4 javafx.graphics
v  ~StubRoutines::call_stub
j  com.sun.glass.ui.win.WinApplication._runLoop(Ljava/lang/Runnable;)V+0 javafx.graphics
j  com.sun.glass.ui.win.WinApplication.lambda$runLoop$3(ILjava/lang/Runnable;)V+8 javafx.graphics
j  com.sun.glass.ui.win.WinApplication$$Lambda$87+0x0000000800c2c6c0.run()V+12 javafx.graphics
j  java.lang.Thread.run()V+11 java.base@17.0.1
v  ~StubRoutines::call_stub

---------------  P R O C E S S  ---------------

Threads class SMR info:
_java_thread_list=0x0000025c33f33930, length=19, elements={
0x0000025c1510d670, 0x0000025c32859a80, 0x0000025c3285c610, 0x0000025c32869200,
0x0000025c3286aad0, 0x0000025c3286b390, 0x0000025c3286bc50, 0x0000025c3286c8f0,
0x0000025c328a2ba0, 0x0000025c328e9c90, 0x0000025c3283e230, 0x0000025c33632c20,
0x0000025c33b5d6b0, 0x0000025c33f805b0, 0x0000025c340bc850, 0x0000025c34947ae0,
0x0000025c34948750, 0x0000025c34951300, 0x0000025c33f33080
}

Java Threads: ( => current thread )
  0x0000025c1510d670 JavaThread "main" [_thread_blocked, id=11140, stack(0x000000637c900000,0x000000637ca00000)]
  0x0000025c32859a80 JavaThread "Reference Handler" daemon [_thread_blocked, id=10096, stack(0x000000637d000000,0x000000637d100000)]
  0x0000025c3285c610 JavaThread "Finalizer" daemon [_thread_blocked, id=8648, stack(0x000000637d100000,0x000000637d200000)]
  0x0000025c32869200 JavaThread "Signal Dispatcher" daemon [_thread_blocked, id=11448, stack(0x000000637d200000,0x000000637d300000)]
  0x0000025c3286aad0 JavaThread "Attach Listener" daemon [_thread_blocked, id=6680, stack(0x000000637d300000,0x000000637d400000)]
  0x0000025c3286b390 JavaThread "Service Thread" daemon [_thread_blocked, id=6464, stack(0x000000637d400000,0x000000637d500000)]
  0x0000025c3286bc50 JavaThread "Monitor Deflation Thread" daemon [_thread_blocked, id=5320, stack(0x000000637d500000,0x000000637d600000)]
  0x0000025c3286c8f0 JavaThread "C2 CompilerThread0" daemon [_thread_blocked, id=2764, stack(0x000000637d600000,0x000000637d700000)]
  0x0000025c328a2ba0 JavaThread "C1 CompilerThread0" daemon [_thread_blocked, id=1992, stack(0x000000637d700000,0x000000637d800000)]
  0x0000025c328e9c90 JavaThread "Sweeper thread" daemon [_thread_blocked, id=10916, stack(0x000000637d800000,0x000000637d900000)]
  0x0000025c3283e230 JavaThread "Common-Cleaner" daemon [_thread_blocked, id=7660, stack(0x000000637d900000,0x000000637da00000)]
  0x0000025c33632c20 JavaThread "Monitor Ctrl-Break" daemon [_thread_in_native, id=10900, stack(0x000000637db00000,0x000000637dc00000)]
  0x0000025c33b5d6b0 JavaThread "Notification Thread" daemon [_thread_blocked, id=9012, stack(0x000000637dc00000,0x000000637dd00000)]
  0x0000025c33f805b0 JavaThread "C2 CompilerThread1" daemon [_thread_blocked, id=10276, stack(0x000000637da00000,0x000000637db00000)]
  0x0000025c340bc850 JavaThread "QuantumRenderer-0" daemon [_thread_blocked, id=7856, stack(0x000000637de00000,0x000000637df00000)]
  0x0000025c34947ae0 JavaThread "InvokeLaterDispatcher" daemon [_thread_blocked, id=992, stack(0x000000637df00000,0x000000637e000000)]
=>0x0000025c34948750 JavaThread "JavaFX Application Thread" [_thread_in_vm, id=912, stack(0x000000637e000000,0x000000637e100000)]
  0x0000025c34951300 JavaThread "JavaFX-Launcher" [_thread_blocked, id=6256, stack(0x000000637e500000,0x000000637e600000)]
  0x0000025c33f33080 JavaThread "Thread-2" daemon [_thread_in_native, id=9928, stack(0x000000637e400000,0x000000637e500000)]

Other Threads:
  0x0000025c3284e390 VMThread "VM Thread" [stack: 0x000000637cf00000,0x000000637d000000] [id=816]
  0x0000025c335f6160 WatcherThread [stack: 0x000000637dd00000,0x000000637de00000] [id=3984]
  0x0000025c1514bd70 GCTaskThread "GC Thread#0" [stack: 0x000000637ca00000,0x000000637cb00000] [id=11884]
  0x0000025c3494ea40 GCTaskThread "GC Thread#1" [stack: 0x000000637e100000,0x000000637e200000] [id=12916]
  0x0000025c3494df80 GCTaskThread "GC Thread#2" [stack: 0x000000637e200000,0x000000637e300000] [id=360]
  0x0000025c3494da20 GCTaskThread "GC Thread#3" [stack: 0x000000637e300000,0x000000637e400000] [id=3016]
  0x0000025c1515e7e0 ConcurrentGCThread "G1 Main Marker" [stack: 0x000000637cb00000,0x000000637cc00000] [id=9756]
  0x0000025c1515f8a0 ConcurrentGCThread "G1 Conc#0" [stack: 0x000000637cc00000,0x000000637cd00000] [id=5404]
  0x0000025c151d79b0 ConcurrentGCThread "G1 Refine#0" [stack: 0x000000637cd00000,0x000000637ce00000] [id=10432]
  0x0000025c151d81e0 ConcurrentGCThread "G1 Service" [stack: 0x000000637ce00000,0x000000637cf00000] [id=9240]

Threads with active compile tasks:

VM state: not at safepoint (normal execution)

VM Mutex/Monitor currently owned by a thread:  ([mutex/lock_event])
[0x0000025c150fcc10] Metaspace_lock - owner thread: 0x0000025c34948750

Heap address: 0x0000000082000000, size: 2016 MB, Compressed Oops mode: 32-bit

CDS archive(s) mapped at: [0x0000000800000000-0x0000000800bc0000-0x0000000800bc0000), size 12320768, SharedBaseAddress: 0x0000000800000000, ArchiveRelocationMode: 0.
Compressed class space mapped at: 0x0000000800c00000-0x0000000840c00000, reserved size: 1073741824
Narrow klass base: 0x0000000800000000, Narrow klass shift: 0, Narrow klass range: 0x100000000

GC Precious Log:
 CPUs: 4 total, 4 available
 Memory: 8056M
 Large Page Support: Disabled
 NUMA Support: Disabled
 Compressed Oops: Enabled (32-bit)
 Heap Region Size: 1M
 Heap Min Capacity: 8M
 Heap Initial Capacity: 126M
 Heap Max Capacity: 2016M
 Pre-touch: Disabled
 Parallel Workers: 4
 Concurrent Workers: 1
 Concurrent Refinement Workers: 4
 Periodic GC: Disabled

Heap:
 garbage-first heap   total 129024K, used 6129K [0x0000000082000000, 0x0000000100000000)
  region size 1024K, 7 young (7168K), 2 survivors (2048K)
 Metaspace       used 4207K, committed 4352K, reserved 1056768K
  class space    used 490K, committed 576K, reserved 1048576K

Heap Regions: E=young(eden), S=young(survivor), O=old, HS=humongous(starts), HC=humongous(continues), CS=collection set, F=free, OA=open archive, CA=closed archive, TAMS=top-at-mark-start (previous, next)
|   0|0x0000000082000000, 0x0000000082000000, 0x0000000082100000|  0%| F|  |TAMS 0x0000000082000000, 0x0000000082000000| Untracked 
|   1|0x0000000082100000, 0x0000000082100000, 0x0000000082200000|  0%| F|  |TAMS 0x0000000082100000, 0x0000000082100000| Untracked 
|   2|0x0000000082200000, 0x0000000082200000, 0x0000000082300000|  0%| F|  |TAMS 0x0000000082200000, 0x0000000082200000| Untracked 
|   3|0x0000000082300000, 0x0000000082300000, 0x0000000082400000|  0%| F|  |TAMS 0x0000000082300000, 0x0000000082300000| Untracked 
|   4|0x0000000082400000, 0x0000000082400000, 0x0000000082500000|  0%| F|  |TAMS 0x0000000082400000, 0x0000000082400000| Untracked 
|   5|0x0000000082500000, 0x0000000082500000, 0x0000000082600000|  0%| F|  |TAMS 0x0000000082500000, 0x0000000082500000| Untracked 
|   6|0x0000000082600000, 0x0000000082600000, 0x0000000082700000|  0%| F|  |TAMS 0x0000000082600000, 0x0000000082600000| Untracked 
|   7|0x0000000082700000, 0x0000000082700000, 0x0000000082800000|  0%| F|  |TAMS 0x0000000082700000, 0x0000000082700000| Untracked 
|   8|0x0000000082800000, 0x0000000082800000, 0x0000000082900000|  0%| F|  |TAMS 0x0000000082800000, 0x0000000082800000| Untracked 
|   9|0x0000000082900000, 0x0000000082900000, 0x0000000082a00000|  0%| F|  |TAMS 0x0000000082900000, 0x0000000082900000| Untracked 
|  10|0x0000000082a00000, 0x0000000082a00000, 0x0000000082b00000|  0%| F|  |TAMS 0x0000000082a00000, 0x0000000082a00000| Untracked 
|  11|0x0000000082b00000, 0x0000000082b00000, 0x0000000082c00000|  0%| F|  |TAMS 0x0000000082b00000, 0x0000000082b00000| Untracked 
|  12|0x0000000082c00000, 0x0000000082c00000, 0x0000000082d00000|  0%| F|  |TAMS 0x0000000082c00000, 0x0000000082c00000| Untracked 
|  13|0x0000000082d00000, 0x0000000082d00000, 0x0000000082e00000|  0%| F|  |TAMS 0x0000000082d00000, 0x0000000082d00000| Untracked 
|  14|0x0000000082e00000, 0x0000000082e00000, 0x0000000082f00000|  0%| F|  |TAMS 0x0000000082e00000, 0x0000000082e00000| Untracked 
|  15|0x0000000082f00000, 0x0000000082f00000, 0x0000000083000000|  0%| F|  |TAMS 0x0000000082f00000, 0x0000000082f00000| Untracked 
|  16|0x0000000083000000, 0x0000000083000000, 0x0000000083100000|  0%| F|  |TAMS 0x0000000083000000, 0x0000000083000000| Untracked 
|  17|0x0000000083100000, 0x0000000083100000, 0x0000000083200000|  0%| F|  |TAMS 0x0000000083100000, 0x0000000083100000| Untracked 
|  18|0x0000000083200000, 0x0000000083200000, 0x0000000083300000|  0%| F|  |TAMS 0x0000000083200000, 0x0000000083200000| Untracked 
|  19|0x0000000083300000, 0x0000000083300000, 0x0000000083400000|  0%| F|  |TAMS 0x0000000083300000, 0x0000000083300000| Untracked 
|  20|0x0000000083400000, 0x0000000083400000, 0x0000000083500000|  0%| F|  |TAMS 0x0000000083400000, 0x0000000083400000| Untracked 
|  21|0x0000000083500000, 0x0000000083500000, 0x0000000083600000|  0%| F|  |TAMS 0x0000000083500000, 0x0000000083500000| Untracked 
|  22|0x0000000083600000, 0x0000000083600000, 0x0000000083700000|  0%| F|  |TAMS 0x0000000083600000, 0x0000000083600000| Untracked 
|  23|0x0000000083700000, 0x0000000083700000, 0x0000000083800000|  0%| F|  |TAMS 0x0000000083700000, 0x0000000083700000| Untracked 
|  24|0x0000000083800000, 0x0000000083800000, 0x0000000083900000|  0%| F|  |TAMS 0x0000000083800000, 0x0000000083800000| Untracked 
|  25|0x0000000083900000, 0x0000000083900000, 0x0000000083a00000|  0%| F|  |TAMS 0x0000000083900000, 0x0000000083900000| Untracked 
|  26|0x0000000083a00000, 0x0000000083a00000, 0x0000000083b00000|  0%| F|  |TAMS 0x0000000083a00000, 0x0000000083a00000| Untracked 
|  27|0x0000000083b00000, 0x0000000083b00000, 0x0000000083c00000|  0%| F|  |TAMS 0x0000000083b00000, 0x0000000083b00000| Untracked 
|  28|0x0000000083c00000, 0x0000000083c00000, 0x0000000083d00000|  0%| F|  |TAMS 0x0000000083c00000, 0x0000000083c00000| Untracked 
|  29|0x0000000083d00000, 0x0000000083d00000, 0x0000000083e00000|  0%| F|  |TAMS 0x0000000083d00000, 0x0000000083d00000| Untracked 
|  30|0x0000000083e00000, 0x0000000083e00000, 0x0000000083f00000|  0%| F|  |TAMS 0x0000000083e00000, 0x0000000083e00000| Untracked 
|  31|0x0000000083f00000, 0x0000000083f00000, 0x0000000084000000|  0%| F|  |TAMS 0x0000000083f00000, 0x0000000083f00000| Untracked 
|  32|0x0000000084000000, 0x0000000084000000, 0x0000000084100000|  0%| F|  |TAMS 0x0000000084000000, 0x0000000084000000| Untracked 
|  33|0x0000000084100000, 0x0000000084100000, 0x0000000084200000|  0%| F|  |TAMS 0x0000000084100000, 0x0000000084100000| Untracked 
|  34|0x0000000084200000, 0x0000000084200000, 0x0000000084300000|  0%| F|  |TAMS 0x0000000084200000, 0x0000000084200000| Untracked 
|  35|0x0000000084300000, 0x0000000084300000, 0x0000000084400000|  0%| F|  |TAMS 0x0000000084300000, 0x0000000084300000| Untracked 
|  36|0x0000000084400000, 0x0000000084400000, 0x0000000084500000|  0%| F|  |TAMS 0x0000000084400000, 0x0000000084400000| Untracked 
|  37|0x0000000084500000, 0x0000000084500000, 0x0000000084600000|  0%| F|  |TAMS 0x0000000084500000, 0x0000000084500000| Untracked 
|  38|0x0000000084600000, 0x0000000084600000, 0x0000000084700000|  0%| F|  |TAMS 0x0000000084600000, 0x0000000084600000| Untracked 
|  39|0x0000000084700000, 0x0000000084700000, 0x0000000084800000|  0%| F|  |TAMS 0x0000000084700000, 0x0000000084700000| Untracked 
|  40|0x0000000084800000, 0x0000000084800000, 0x0000000084900000|  0%| F|  |TAMS 0x0000000084800000, 0x0000000084800000| Untracked 
|  41|0x0000000084900000, 0x0000000084900000, 0x0000000084a00000|  0%| F|  |TAMS 0x0000000084900000, 0x0000000084900000| Untracked 
|  42|0x0000000084a00000, 0x0000000084a00000, 0x0000000084b00000|  0%| F|  |TAMS 0x0000000084a00000, 0x0000000084a00000| Untracked 
|  43|0x0000000084b00000, 0x0000000084b00000, 0x0000000084c00000|  0%| F|  |TAMS 0x0000000084b00000, 0x0000000084b00000| Untracked 
|  44|0x0000000084c00000, 0x0000000084c00000, 0x0000000084d00000|  0%| F|  |TAMS 0x0000000084c00000, 0x0000000084c00000| Untracked 
|  45|0x0000000084d00000, 0x0000000084d00000, 0x0000000084e00000|  0%| F|  |TAMS 0x0000000084d00000, 0x0000000084d00000| Untracked 
|  46|0x0000000084e00000, 0x0000000084e00000, 0x0000000084f00000|  0%| F|  |TAMS 0x0000000084e00000, 0x0000000084e00000| Untracked 
|  47|0x0000000084f00000, 0x0000000084f00000, 0x0000000085000000|  0%| F|  |TAMS 0x0000000084f00000, 0x0000000084f00000| Untracked 
|  48|0x0000000085000000, 0x0000000085000000, 0x0000000085100000|  0%| F|  |TAMS 0x0000000085000000, 0x0000000085000000| Untracked 
|  49|0x0000000085100000, 0x0000000085100000, 0x0000000085200000|  0%| F|  |TAMS 0x0000000085100000, 0x0000000085100000| Untracked 
|  50|0x0000000085200000, 0x0000000085200000, 0x0000000085300000|  0%| F|  |TAMS 0x0000000085200000, 0x0000000085200000| Untracked 
|  51|0x0000000085300000, 0x0000000085300000, 0x0000000085400000|  0%| F|  |TAMS 0x0000000085300000, 0x0000000085300000| Untracked 
|  52|0x0000000085400000, 0x0000000085400000, 0x0000000085500000|  0%| F|  |TAMS 0x0000000085400000, 0x0000000085400000| Untracked 
|  53|0x0000000085500000, 0x0000000085500000, 0x0000000085600000|  0%| F|  |TAMS 0x0000000085500000, 0x0000000085500000| Untracked 
|  54|0x0000000085600000, 0x0000000085600000, 0x0000000085700000|  0%| F|  |TAMS 0x0000000085600000, 0x0000000085600000| Untracked 
|  55|0x0000000085700000, 0x0000000085700000, 0x0000000085800000|  0%| F|  |TAMS 0x0000000085700000, 0x0000000085700000| Untracked 
|  56|0x0000000085800000, 0x0000000085800000, 0x0000000085900000|  0%| F|  |TAMS 0x0000000085800000, 0x0000000085800000| Untracked 
|  57|0x0000000085900000, 0x0000000085900000, 0x0000000085a00000|  0%| F|  |TAMS 0x0000000085900000, 0x0000000085900000| Untracked 
|  58|0x0000000085a00000, 0x0000000085a00000, 0x0000000085b00000|  0%| F|  |TAMS 0x0000000085a00000, 0x0000000085a00000| Untracked 
|  59|0x0000000085b00000, 0x0000000085b00000, 0x0000000085c00000|  0%| F|  |TAMS 0x0000000085b00000, 0x0000000085b00000| Untracked 
|  60|0x0000000085c00000, 0x0000000085c00000, 0x0000000085d00000|  0%| F|  |TAMS 0x0000000085c00000, 0x0000000085c00000| Untracked 
|  61|0x0000000085d00000, 0x0000000085d00000, 0x0000000085e00000|  0%| F|  |TAMS 0x0000000085d00000, 0x0000000085d00000| Untracked 
|  62|0x0000000085e00000, 0x0000000085e00000, 0x0000000085f00000|  0%| F|  |TAMS 0x0000000085e00000, 0x0000000085e00000| Untracked 
|  63|0x0000000085f00000, 0x0000000085f00000, 0x0000000086000000|  0%| F|  |TAMS 0x0000000085f00000, 0x0000000085f00000| Untracked 
|  64|0x0000000086000000, 0x0000000086000000, 0x0000000086100000|  0%| F|  |TAMS 0x0000000086000000, 0x0000000086000000| Untracked 
|  65|0x0000000086100000, 0x0000000086100000, 0x0000000086200000|  0%| F|  |TAMS 0x0000000086100000, 0x0000000086100000| Untracked 
|  66|0x0000000086200000, 0x0000000086200000, 0x0000000086300000|  0%| F|  |TAMS 0x0000000086200000, 0x0000000086200000| Untracked 
|  67|0x0000000086300000, 0x0000000086300000, 0x0000000086400000|  0%| F|  |TAMS 0x0000000086300000, 0x0000000086300000| Untracked 
|  68|0x0000000086400000, 0x0000000086400000, 0x0000000086500000|  0%| F|  |TAMS 0x0000000086400000, 0x0000000086400000| Untracked 
|  69|0x0000000086500000, 0x0000000086500000, 0x0000000086600000|  0%| F|  |TAMS 0x0000000086500000, 0x0000000086500000| Untracked 
|  70|0x0000000086600000, 0x0000000086600000, 0x0000000086700000|  0%| F|  |TAMS 0x0000000086600000, 0x0000000086600000| Untracked 
|  71|0x0000000086700000, 0x0000000086700000, 0x0000000086800000|  0%| F|  |TAMS 0x0000000086700000, 0x0000000086700000| Untracked 
|  72|0x0000000086800000, 0x0000000086800000, 0x0000000086900000|  0%| F|  |TAMS 0x0000000086800000, 0x0000000086800000| Untracked 
|  73|0x0000000086900000, 0x0000000086900000, 0x0000000086a00000|  0%| F|  |TAMS 0x0000000086900000, 0x0000000086900000| Untracked 
|  74|0x0000000086a00000, 0x0000000086a00000, 0x0000000086b00000|  0%| F|  |TAMS 0x0000000086a00000, 0x0000000086a00000| Untracked 
|  75|0x0000000086b00000, 0x0000000086b00000, 0x0000000086c00000|  0%| F|  |TAMS 0x0000000086b00000, 0x0000000086b00000| Untracked 
|  76|0x0000000086c00000, 0x0000000086c00000, 0x0000000086d00000|  0%| F|  |TAMS 0x0000000086c00000, 0x0000000086c00000| Untracked 
|  77|0x0000000086d00000, 0x0000000086d00000, 0x0000000086e00000|  0%| F|  |TAMS 0x0000000086d00000, 0x0000000086d00000| Untracked 
|  78|0x0000000086e00000, 0x0000000086e00000, 0x0000000086f00000|  0%| F|  |TAMS 0x0000000086e00000, 0x0000000086e00000| Untracked 
|  79|0x0000000086f00000, 0x0000000086f00000, 0x0000000087000000|  0%| F|  |TAMS 0x0000000086f00000, 0x0000000086f00000| Untracked 
|  80|0x0000000087000000, 0x0000000087000000, 0x0000000087100000|  0%| F|  |TAMS 0x0000000087000000, 0x0000000087000000| Untracked 
|  81|0x0000000087100000, 0x0000000087100000, 0x0000000087200000|  0%| F|  |TAMS 0x0000000087100000, 0x0000000087100000| Untracked 
|  82|0x0000000087200000, 0x0000000087200000, 0x0000000087300000|  0%| F|  |TAMS 0x0000000087200000, 0x0000000087200000| Untracked 
|  83|0x0000000087300000, 0x0000000087300000, 0x0000000087400000|  0%| F|  |TAMS 0x0000000087300000, 0x0000000087300000| Untracked 
|  84|0x0000000087400000, 0x0000000087400000, 0x0000000087500000|  0%| F|  |TAMS 0x0000000087400000, 0x0000000087400000| Untracked 
|  85|0x0000000087500000, 0x0000000087500000, 0x0000000087600000|  0%| F|  |TAMS 0x0000000087500000, 0x0000000087500000| Untracked 
|  86|0x0000000087600000, 0x0000000087600000, 0x0000000087700000|  0%| F|  |TAMS 0x0000000087600000, 0x0000000087600000| Untracked 
|  87|0x0000000087700000, 0x0000000087700000, 0x0000000087800000|  0%| F|  |TAMS 0x0000000087700000, 0x0000000087700000| Untracked 
|  88|0x0000000087800000, 0x0000000087800000, 0x0000000087900000|  0%| F|  |TAMS 0x0000000087800000, 0x0000000087800000| Untracked 
|  89|0x0000000087900000, 0x0000000087900000, 0x0000000087a00000|  0%| F|  |TAMS 0x0000000087900000, 0x0000000087900000| Untracked 
|  90|0x0000000087a00000, 0x0000000087a00000, 0x0000000087b00000|  0%| F|  |TAMS 0x0000000087a00000, 0x0000000087a00000| Untracked 
|  91|0x0000000087b00000, 0x0000000087b00000, 0x0000000087c00000|  0%| F|  |TAMS 0x0000000087b00000, 0x0000000087b00000| Untracked 
|  92|0x0000000087c00000, 0x0000000087c00000, 0x0000000087d00000|  0%| F|  |TAMS 0x0000000087c00000, 0x0000000087c00000| Untracked 
|  93|0x0000000087d00000, 0x0000000087d00000, 0x0000000087e00000|  0%| F|  |TAMS 0x0000000087d00000, 0x0000000087d00000| Untracked 
|  94|0x0000000087e00000, 0x0000000087e00000, 0x0000000087f00000|  0%| F|  |TAMS 0x0000000087e00000, 0x0000000087e00000| Untracked 
|  95|0x0000000087f00000, 0x0000000087f00000, 0x0000000088000000|  0%| F|  |TAMS 0x0000000087f00000, 0x0000000087f00000| Untracked 
|  96|0x0000000088000000, 0x0000000088000000, 0x0000000088100000|  0%| F|  |TAMS 0x0000000088000000, 0x0000000088000000| Untracked 
|  97|0x0000000088100000, 0x0000000088100000, 0x0000000088200000|  0%| F|  |TAMS 0x0000000088100000, 0x0000000088100000| Untracked 
|  98|0x0000000088200000, 0x0000000088200000, 0x0000000088300000|  0%| F|  |TAMS 0x0000000088200000, 0x0000000088200000| Untracked 
|  99|0x0000000088300000, 0x0000000088300000, 0x0000000088400000|  0%| F|  |TAMS 0x0000000088300000, 0x0000000088300000| Untracked 
| 100|0x0000000088400000, 0x0000000088400000, 0x0000000088500000|  0%| F|  |TAMS 0x0000000088400000, 0x0000000088400000| Untracked 
| 101|0x0000000088500000, 0x0000000088500000, 0x0000000088600000|  0%| F|  |TAMS 0x0000000088500000, 0x0000000088500000| Untracked 
| 102|0x0000000088600000, 0x0000000088600000, 0x0000000088700000|  0%| F|  |TAMS 0x0000000088600000, 0x0000000088600000| Untracked 
| 103|0x0000000088700000, 0x0000000088700000, 0x0000000088800000|  0%| F|  |TAMS 0x0000000088700000, 0x0000000088700000| Untracked 
| 104|0x0000000088800000, 0x0000000088800000, 0x0000000088900000|  0%| F|  |TAMS 0x0000000088800000, 0x0000000088800000| Untracked 
| 105|0x0000000088900000, 0x0000000088900000, 0x0000000088a00000|  0%| F|  |TAMS 0x0000000088900000, 0x0000000088900000| Untracked 
| 106|0x0000000088a00000, 0x0000000088a00000, 0x0000000088b00000|  0%| F|  |TAMS 0x0000000088a00000, 0x0000000088a00000| Untracked 
| 107|0x0000000088b00000, 0x0000000088b00000, 0x0000000088c00000|  0%| F|  |TAMS 0x0000000088b00000, 0x0000000088b00000| Untracked 
| 108|0x0000000088c00000, 0x0000000088c00000, 0x0000000088d00000|  0%| F|  |TAMS 0x0000000088c00000, 0x0000000088c00000| Untracked 
| 109|0x0000000088d00000, 0x0000000088d00000, 0x0000000088e00000|  0%| F|  |TAMS 0x0000000088d00000, 0x0000000088d00000| Untracked 
| 110|0x0000000088e00000, 0x0000000088e00000, 0x0000000088f00000|  0%| F|  |TAMS 0x0000000088e00000, 0x0000000088e00000| Untracked 
| 111|0x0000000088f00000, 0x0000000088ffc538, 0x0000000089000000| 98%| S|CS|TAMS 0x0000000088f00000, 0x0000000088f00000| Complete 
| 112|0x0000000089000000, 0x0000000089100000, 0x0000000089100000|100%| S|CS|TAMS 0x0000000089000000, 0x0000000089000000| Complete 
| 113|0x0000000089100000, 0x0000000089100000, 0x0000000089200000|  0%| F|  |TAMS 0x0000000089100000, 0x0000000089100000| Untracked 
| 114|0x0000000089200000, 0x0000000089200000, 0x0000000089300000|  0%| F|  |TAMS 0x0000000089200000, 0x0000000089200000| Untracked 
| 115|0x0000000089300000, 0x0000000089300000, 0x0000000089400000|  0%| F|  |TAMS 0x0000000089300000, 0x0000000089300000| Untracked 
| 116|0x0000000089400000, 0x0000000089400000, 0x0000000089500000|  0%| F|  |TAMS 0x0000000089400000, 0x0000000089400000| Untracked 
| 117|0x0000000089500000, 0x0000000089500000, 0x0000000089600000|  0%| F|  |TAMS 0x0000000089500000, 0x0000000089500000| Untracked 
| 118|0x0000000089600000, 0x0000000089600000, 0x0000000089700000|  0%| F|  |TAMS 0x0000000089600000, 0x0000000089600000| Untracked 
| 119|0x0000000089700000, 0x0000000089700000, 0x0000000089800000|  0%| F|  |TAMS 0x0000000089700000, 0x0000000089700000| Untracked 
| 120|0x0000000089800000, 0x0000000089800000, 0x0000000089900000|  0%| F|  |TAMS 0x0000000089800000, 0x0000000089800000| Untracked 
| 121|0x0000000089900000, 0x0000000089a00000, 0x0000000089a00000|100%| E|  |TAMS 0x0000000089900000, 0x0000000089900000| Complete 
| 122|0x0000000089a00000, 0x0000000089b00000, 0x0000000089b00000|100%| E|CS|TAMS 0x0000000089a00000, 0x0000000089a00000| Complete 
| 123|0x0000000089b00000, 0x0000000089c00000, 0x0000000089c00000|100%| E|CS|TAMS 0x0000000089b00000, 0x0000000089b00000| Complete 
| 124|0x0000000089c00000, 0x0000000089d00000, 0x0000000089d00000|100%| E|CS|TAMS 0x0000000089c00000, 0x0000000089c00000| Complete 
| 125|0x0000000089d00000, 0x0000000089e00000, 0x0000000089e00000|100%| E|CS|TAMS 0x0000000089d00000, 0x0000000089d00000| Complete 

Card table byte_map: [0x0000025c2bd10000,0x0000025c2c100000] _byte_map_base: 0x0000025c2b900000

Marking Bits (Prev, Next): (CMBitMap*) 0x0000025c1514d2a0, (CMBitMap*) 0x0000025c1514d2e0
 Prev Bits: [0x0000025c2c4f0000, 0x0000025c2e470000)
 Next Bits: [0x0000025c2e470000, 0x0000025c303f0000)

Polling page: 0x0000025c130e0000

Metaspace:

Usage:
  Non-class:      3.63 MB used.
      Class:    490.22 KB used.
       Both:      4.11 MB used.

Virtual space:
  Non-class space:        8.00 MB reserved,       3.69 MB ( 46%) committed,  1 nodes.
      Class space:        1.00 GB reserved,     576.00 KB ( <1%) committed,  1 nodes.
             Both:        1.01 GB reserved,       4.25 MB ( <1%) committed. 

Chunk freelists:
   Non-Class:  2.16 MB
       Class:  3.39 MB
        Both:  5.55 MB

MaxMetaspaceSize: unlimited
CompressedClassSpaceSize: 1.00 GB
Initial GC threshold: 21.00 MB
Current GC threshold: 21.00 MB
CDS: on
MetaspaceReclaimPolicy: balanced
 - commit_granule_bytes: 65536.
 - commit_granule_words: 8192.
 - virtual_space_node_default_size: 1048576.
 - enlarge_chunks_in_place: 1.
 - new_chunks_are_fully_committed: 0.
 - uncommit_free_chunks: 1.
 - use_allocation_guard: 0.
 - handle_deallocations: 1.


Internal statistics:

num_allocs_failed_limit: 0.
num_arena_births: 88.
num_arena_deaths: 0.
num_vsnodes_births: 2.
num_vsnodes_deaths: 0.
num_space_committed: 68.
num_space_uncommitted: 0.
num_chunks_returned_to_freelist: 0.
num_chunks_taken_from_freelist: 193.
num_chunk_merges: 0.
num_chunk_splits: 131.
num_chunks_enlarged: 96.
num_purges: 0.
num_inconsistent_stats: 0.

CodeHeap 'non-profiled nmethods': size=120000Kb used=282Kb max_used=282Kb free=119717Kb
 bounds [0x0000025c243f0000, 0x0000025c24660000, 0x0000025c2b920000]
CodeHeap 'profiled nmethods': size=120000Kb used=1280Kb max_used=1280Kb free=118719Kb
 bounds [0x0000025c1cec0000, 0x0000025c1d130000, 0x0000025c243f0000]
CodeHeap 'non-nmethods': size=5760Kb used=1168Kb max_used=1232Kb free=4591Kb
 bounds [0x0000025c1c920000, 0x0000025c1cb90000, 0x0000025c1cec0000]
 total_blobs=1333 nmethods=869 adapters=377
 compilation: enabled
              stopped_count=0, restarted_count=0
 full_count=0

Compilation events (20 events):
Event: 1.144 Thread 0x0000025c33f805b0 nmethod 863 0x0000025c24435d10 code [0x0000025c24435e80, 0x0000025c24435ef8]
Event: 1.144 Thread 0x0000025c328a2ba0 nmethod 859 0x0000025c1cffd590 code [0x0000025c1cffd7e0, 0x0000025c1cffe3d8]
Event: 1.144 Thread 0x0000025c328a2ba0  860       3       jdk.internal.jimage.ImageLocation::readValue (61 bytes)
Event: 1.144 Thread 0x0000025c328a2ba0 nmethod 860 0x0000025c1cffe910 code [0x0000025c1cffeae0, 0x0000025c1cffee98]
Event: 1.144 Thread 0x0000025c328a2ba0  864       3       jdk.internal.access.SharedSecrets::getJavaLangAccess (4 bytes)
Event: 1.145 Thread 0x0000025c328a2ba0 nmethod 864 0x0000025c1cfff010 code [0x0000025c1cfff1a0, 0x0000025c1cfff298]
Event: 1.145 Thread 0x0000025c328a2ba0  862       1       jdk.internal.jimage.ImageHeader::getTableLength (5 bytes)
Event: 1.145 Thread 0x0000025c328a2ba0 nmethod 862 0x0000025c24436010 code [0x0000025c244361a0, 0x0000025c24436278]
Event: 1.145 Thread 0x0000025c328a2ba0  865       3       jdk.internal.org.objectweb.asm.Type::<init> (26 bytes)
Event: 1.145 Thread 0x0000025c328a2ba0 nmethod 865 0x0000025c1cfff310 code [0x0000025c1cfff4a0, 0x0000025c1cfff678]
Event: 1.146 Thread 0x0000025c328a2ba0  866       3       java.lang.Enum::<init> (15 bytes)
Event: 1.147 Thread 0x0000025c328a2ba0 nmethod 866 0x0000025c1cfff710 code [0x0000025c1cfff8a0, 0x0000025c1cfffa58]
Event: 1.147 Thread 0x0000025c328a2ba0  867       1       java.lang.invoke.MethodHandleNatives::isPullModeBSM (2 bytes)
Event: 1.147 Thread 0x0000025c328a2ba0 nmethod 867 0x0000025c24436310 code [0x0000025c244364a0, 0x0000025c24436558]
Event: 1.147 Thread 0x0000025c328a2ba0  868       1       java.lang.invoke.MethodHandleImpl::isCompileConstant (2 bytes)
Event: 1.147 Thread 0x0000025c328a2ba0 nmethod 868 0x0000025c24436610 code [0x0000025c244367a0, 0x0000025c24436858]
Event: 1.147 Thread 0x0000025c328a2ba0  869       3       java.lang.invoke.LambdaFormEditor$TransformKey::bval (26 bytes)
Event: 1.147 Thread 0x0000025c328a2ba0 nmethod 869 0x0000025c1cfffb10 code [0x0000025c1cfffca0, 0x0000025c1cfffd98]
Event: 1.147 Thread 0x0000025c328a2ba0  870       3       java.lang.invoke.ConstantCallSite::getTarget (20 bytes)
Event: 1.148 Thread 0x0000025c328a2ba0 nmethod 870 0x0000025c1cfffe10 code [0x0000025c1cffffc0, 0x0000025c1d0001e8]

GC Heap History (2 events):
Event: 0.941 GC heap before
{Heap before GC invocations=0 (full 0):
 garbage-first heap   total 129024K, used 13312K [0x0000000082000000, 0x0000000100000000)
  region size 1024K, 13 young (13312K), 0 survivors (0K)
 Metaspace       used 2683K, committed 2880K, reserved 1056768K
  class space    used 282K, committed 384K, reserved 1048576K
}
Event: 0.948 GC heap after
{Heap after GC invocations=1 (full 0):
 garbage-first heap   total 129024K, used 2033K [0x0000000082000000, 0x0000000100000000)
  region size 1024K, 2 young (2048K), 2 survivors (2048K)
 Metaspace       used 2683K, committed 2880K, reserved 1056768K
  class space    used 282K, committed 384K, reserved 1048576K
}

Deoptimization events (20 events):
Event: 0.445 Thread 0x0000025c1510d670 Uncommon trap: trap_request=0xffffff45 fr.pc=0x0000025c243fcff8 relative=0x0000000000000078
Event: 0.445 Thread 0x0000025c1510d670 Uncommon trap: reason=unstable_if action=reinterpret pc=0x0000025c243fcff8 method=java.lang.String.isLatin1()Z @ 10 c2
Event: 0.445 Thread 0x0000025c1510d670 DEOPT PACKING pc=0x0000025c243fcff8 sp=0x000000637c9ff150
Event: 0.445 Thread 0x0000025c1510d670 DEOPT UNPACKING pc=0x0000025c1c9723a3 sp=0x000000637c9ff090 mode 2
Event: 0.902 Thread 0x0000025c1510d670 Uncommon trap: trap_request=0xffffffde fr.pc=0x0000025c2440cc5c relative=0x0000000000000cdc
Event: 0.902 Thread 0x0000025c1510d670 Uncommon trap: reason=class_check action=maybe_recompile pc=0x0000025c2440cc5c method=java.util.HashMap.putVal(ILjava/lang/Object;Ljava/lang/Object;ZZ)Ljava/lang/Object; @ 152 c2
Event: 0.902 Thread 0x0000025c1510d670 DEOPT PACKING pc=0x0000025c2440cc5c sp=0x000000637c9fd210
Event: 0.902 Thread 0x0000025c1510d670 DEOPT UNPACKING pc=0x0000025c1c9723a3 sp=0x000000637c9fd1a0 mode 2
Event: 0.902 Thread 0x0000025c1510d670 Uncommon trap: trap_request=0xffffffde fr.pc=0x0000025c2440cc5c relative=0x0000000000000cdc
Event: 0.902 Thread 0x0000025c1510d670 Uncommon trap: reason=class_check action=maybe_recompile pc=0x0000025c2440cc5c method=java.util.HashMap.putVal(ILjava/lang/Object;Ljava/lang/Object;ZZ)Ljava/lang/Object; @ 152 c2
Event: 0.902 Thread 0x0000025c1510d670 DEOPT PACKING pc=0x0000025c2440cc5c sp=0x000000637c9fd210
Event: 0.902 Thread 0x0000025c1510d670 DEOPT UNPACKING pc=0x0000025c1c9723a3 sp=0x000000637c9fd1a0 mode 2
Event: 0.902 Thread 0x0000025c1510d670 Uncommon trap: trap_request=0xffffffde fr.pc=0x0000025c2440cc5c relative=0x0000000000000cdc
Event: 0.902 Thread 0x0000025c1510d670 Uncommon trap: reason=class_check action=maybe_recompile pc=0x0000025c2440cc5c method=java.util.HashMap.putVal(ILjava/lang/Object;Ljava/lang/Object;ZZ)Ljava/lang/Object; @ 152 c2
Event: 0.902 Thread 0x0000025c1510d670 DEOPT PACKING pc=0x0000025c2440cc5c sp=0x000000637c9fd210
Event: 0.902 Thread 0x0000025c1510d670 DEOPT UNPACKING pc=0x0000025c1c9723a3 sp=0x000000637c9fd1a0 mode 2
Event: 1.012 Thread 0x0000025c3286aad0 Uncommon trap: trap_request=0xffffff45 fr.pc=0x0000025c24400dac relative=0x000000000000010c
Event: 1.012 Thread 0x0000025c3286aad0 Uncommon trap: reason=unstable_if action=reinterpret pc=0x0000025c24400dac method=java.lang.StringLatin1.lastIndexOf([BI[BII)I @ 86 c2
Event: 1.012 Thread 0x0000025c3286aad0 DEOPT PACKING pc=0x0000025c24400dac sp=0x000000637d3fe1a0
Event: 1.012 Thread 0x0000025c3286aad0 DEOPT UNPACKING pc=0x0000025c1c9723a3 sp=0x000000637d3fe0f8 mode 2

Classes unloaded (0 events):
No events

Classes redefined (0 events):
No events

Internal exceptions (13 events):
Event: 0.200 Thread 0x0000025c1510d670 Exception <a 'sun/nio/fs/WindowsException'{0x0000000089c2dab8}> (0x0000000089c2dab8) 
thrown [t:\workspace\open\src\hotspot\share\prims\jni.cpp, line 516]
Event: 0.201 Thread 0x0000025c1510d670 Exception <a 'sun/nio/fs/WindowsException'{0x0000000089c2df98}> (0x0000000089c2df98) 
thrown [t:\workspace\open\src\hotspot\share\prims\jni.cpp, line 516]
Event: 0.458 Thread 0x0000025c1510d670 Exception <a 'java/lang/NoSuchMethodError'{0x00000000896bcf78}: 'java.lang.Object java.lang.invoke.DirectMethodHandle$Holder.invokeStaticInit(java.lang.Object)'> (0x00000000896bcf78) 
thrown [t:\workspace\open\src\hotspot\share\interpreter\linkResolver.cpp, line 766]
Event: 0.463 Thread 0x0000025c1510d670 Exception <a 'java/lang/NoSuchMethodError'{0x00000000896c4dc0}: 'void java.lang.invoke.DirectMethodHandle$Holder.invokeStatic(java.lang.Object, java.lang.Object)'> (0x00000000896c4dc0) 
thrown [t:\workspace\open\src\hotspot\share\interpreter\linkResolver.cpp, line 766]
Event: 0.793 Thread 0x0000025c1510d670 Exception <a 'java/lang/NoSuchMethodError'{0x000000008920e720}: 'void java.lang.invoke.DirectMethodHandle$Holder.invokeSpecial(java.lang.Object, java.lang.Object, java.lang.Object)'> (0x000000008920e720) 
thrown [t:\workspace\open\src\hotspot\share\interpreter\linkResolver.cpp, line 766]
Event: 0.814 Thread 0x0000025c1510d670 Exception <a 'java/lang/NoSuchMethodError'{0x0000000089244d80}: 'void java.lang.invoke.DirectMethodHandle$Holder.invokeStatic(java.lang.Object, java.lang.Object, java.lang.Object)'> (0x0000000089244d80) 
thrown [t:\workspace\open\src\hotspot\share\interpreter\linkResolver.cpp, line 766]
Event: 0.876 Thread 0x0000025c1510d670 Exception <a 'java/lang/NoSuchMethodError'{0x0000000089261998}: 'int java.lang.invoke.DirectMethodHandle$Holder.invokeStaticInit(java.lang.Object, java.lang.Object, java.lang.Object)'> (0x0000000089261998) 
thrown [t:\workspace\open\src\hotspot\share\interpreter\linkResolver.cpp, line 766]
Event: 0.936 Thread 0x0000025c1510d670 Exception <a 'java/lang/NoSuchMethodError'{0x0000000089190ce8}: 'java.lang.Object java.lang.invoke.DirectMethodHandle$Holder.newInvokeSpecial(java.lang.Object, java.lang.Object, int, java.lang.Object)'> (0x0000000089190ce8) 
thrown [t:\workspace\open\src\hotspot\share\interpreter\linkResolver.cpp, line 766]
Event: 0.938 Thread 0x0000025c1510d670 Exception <a 'java/lang/NoSuchMethodError'{0x00000000891950c8}: 'java.lang.Object java.lang.invoke.DirectMethodHandle$Holder.invokeSpecial(java.lang.Object, java.lang.Object, java.lang.Object, int, java.lang.Object)'> (0x00000000891950c8) 
thrown [t:\workspace\open\src\hotspot\share\interpreter\linkResolver.cpp, line 766]
Event: 1.047 Thread 0x0000025c34948750 Exception <a 'java/lang/NoSuchMethodError'{0x0000000089ccbe48}: 'void java.lang.invoke.DirectMethodHandle$Holder.invokeStaticInit(java.lang.Object)'> (0x0000000089ccbe48) 
thrown [t:\workspace\open\src\hotspot\share\interpreter\linkResolver.cpp, line 766]
Event: 1.053 Thread 0x0000025c1510d670 Exception <a 'java/lang/NoSuchMethodError'{0x0000000089b08240}: 'java.lang.Object java.lang.invoke.DirectMethodHandle$Holder.newInvokeSpecial(java.lang.Object, java.lang.Object, java.lang.Object, java.lang.Object, java.lang.Object, java.lang.Object)'> (0x0000000089b08240) 
thrown [t:\workspace\open\src\hotspot\share\interpreter\linkResolver.cpp, line 766]
Event: 1.062 Thread 0x0000025c1510d670 Exception <a 'java/lang/NoSuchMethodError'{0x0000000089b38730}: 'java.lang.Object java.lang.invoke.DirectMethodHandle$Holder.newInvokeSpecial(java.lang.Object, java.lang.Object, java.lang.Object, java.lang.Object, java.lang.Object)'> (0x0000000089b38730) 
thrown [t:\workspace\open\src\hotspot\share\interpreter\linkResolver.cpp, line 766]
Event: 1.067 Thread 0x0000025c34951300 Exception <a 'java/lang/NoSuchMethodError'{0x0000000089b811a8}: 'void java.lang.invoke.DirectMethodHandle$Holder.invokeStatic(java.lang.Object, java.lang.Object, java.lang.Object, java.lang.Object)'> (0x0000000089b811a8) 
thrown [t:\workspace\open\src\hotspot\share\interpreter\linkResolver.cpp, line 766]

VM Operations (10 events):
Event: 0.210 Executing VM operation: HandshakeAllThreads
Event: 0.210 Executing VM operation: HandshakeAllThreads done
Event: 0.365 Executing VM operation: HandshakeAllThreads
Event: 0.366 Executing VM operation: HandshakeAllThreads done
Event: 0.474 Executing VM operation: HandshakeAllThreads
Event: 0.474 Executing VM operation: HandshakeAllThreads done
Event: 0.902 Executing VM operation: HandshakeAllThreads
Event: 0.902 Executing VM operation: HandshakeAllThreads done
Event: 0.941 Executing VM operation: G1CollectForAllocation
Event: 0.948 Executing VM operation: G1CollectForAllocation done

Events (20 events):
Event: 1.134 loading class javax/xml/stream/FactoryFinder done
Event: 1.135 loading class jdk/xml/internal/SecuritySupport
Event: 1.135 loading class jdk/xml/internal/SecuritySupport done
Event: 1.141 loading class javax/xml/stream/FactoryFinder$1
Event: 1.141 loading class javax/xml/stream/FactoryFinder$1 done
Event: 1.145 loading class com/sun/xml/internal/stream/XMLInputFactoryImpl
Event: 1.145 loading class com/sun/xml/internal/stream/XMLInputFactoryImpl done
Event: 1.146 loading class com/sun/org/apache/xerces/internal/impl/PropertyManager
Event: 1.146 loading class com/sun/org/apache/xerces/internal/impl/PropertyManager done
Event: 1.146 loading class com/sun/org/apache/xerces/internal/utils/XMLSecurityManager
Event: 1.146 loading class com/sun/org/apache/xerces/internal/utils/XMLSecurityManager done
Event: 1.146 loading class com/sun/org/apache/xerces/internal/utils/XMLSecurityManager$Limit
Event: 1.146 loading class com/sun/org/apache/xerces/internal/utils/XMLSecurityManager$Limit done
Event: 1.146 loading class jdk/xml/internal/JdkProperty$State
Event: 1.146 loading class jdk/xml/internal/JdkProperty$State done
Event: 1.148 loading class com/sun/org/apache/xerces/internal/utils/XMLSecurityManager$NameMap
Event: 1.148 loading class com/sun/org/apache/xerces/internal/utils/XMLSecurityManager$NameMap done
Event: 1.148 loading class com/sun/org/apache/xerces/internal/utils/XMLSecurityPropertyManager
Event: 1.148 loading class com/sun/org/apache/xerces/internal/utils/XMLSecurityPropertyManager done
Event: 1.148 loading class com/sun/org/apache/xerces/internal/utils/XMLSecurityPropertyManager$State


Dynamic libraries:
0x00007ff7d0f30000 - 0x00007ff7d0f40000 	C:\Program Files\Java\jdk-17.0.1\bin\java.exe
0x00007ff800d70000 - 0x00007ff800f65000 	C:\WINDOWS\SYSTEM32\ntdll.dll
0x00007fffffcd0000 - 0x00007fffffd8e000 	C:\WINDOWS\System32\KERNEL32.DLL
0x00007ffffe6b0000 - 0x00007ffffe978000 	C:\WINDOWS\System32\KERNELBASE.dll
0x00007ffffe4a0000 - 0x00007ffffe5a0000 	C:\WINDOWS\System32\ucrtbase.dll
0x00007ffffbad0000 - 0x00007ffffbaea000 	C:\Program Files\Java\jdk-17.0.1\bin\VCRUNTIME140.dll
0x00007ffff9af0000 - 0x00007ffff9b08000 	C:\Program Files\Java\jdk-17.0.1\bin\jli.dll
0x00007fffffd90000 - 0x00007fffffe3c000 	C:\WINDOWS\System32\ADVAPI32.dll
0x00007fffffb00000 - 0x00007fffffb9e000 	C:\WINDOWS\System32\msvcrt.dll
0x00007fffff7d0000 - 0x00007fffff86b000 	C:\WINDOWS\System32\sechost.dll
0x00007fffff960000 - 0x00007fffffa8a000 	C:\WINDOWS\System32\RPCRT4.dll
0x00007fffff620000 - 0x00007fffff7c1000 	C:\WINDOWS\System32\USER32.dll
0x00007ffffed70000 - 0x00007ffffed92000 	C:\WINDOWS\System32\win32u.dll
0x00007ff8001c0000 - 0x00007ff8001eb000 	C:\WINDOWS\System32\GDI32.dll
0x00007ffffe5a0000 - 0x00007ffffe6ab000 	C:\WINDOWS\System32\gdi32full.dll
0x00007fffebec0000 - 0x00007fffec15a000 	C:\WINDOWS\WinSxS\amd64_microsoft.windows.common-controls_6595b64144ccf1df_6.0.19041.1110_none_60b5254171f9507e\COMCTL32.dll
0x00007ffffea90000 - 0x00007ffffeb2d000 	C:\WINDOWS\System32\msvcp_win.dll
0x00007ffffba10000 - 0x00007ffffba1a000 	C:\WINDOWS\SYSTEM32\VERSION.dll
0x00007fffff5f0000 - 0x00007fffff620000 	C:\WINDOWS\System32\IMM32.DLL
0x00007ffffbaa0000 - 0x00007ffffbaac000 	C:\Program Files\Java\jdk-17.0.1\bin\vcruntime140_1.dll
0x00007ffff6920000 - 0x00007ffff69ad000 	C:\Program Files\Java\jdk-17.0.1\bin\msvcp140.dll
0x00007fffb3010000 - 0x00007fffb3bce000 	C:\Program Files\Java\jdk-17.0.1\bin\server\jvm.dll
0x00007ff800010000 - 0x00007ff800018000 	C:\WINDOWS\System32\PSAPI.DLL
0x00007ffffb8d0000 - 0x00007ffffb8d9000 	C:\WINDOWS\SYSTEM32\WSOCK32.dll
0x00007fffdb5b0000 - 0x00007fffdb5d7000 	C:\WINDOWS\SYSTEM32\WINMM.dll
0x00007fffffa90000 - 0x00007fffffafb000 	C:\WINDOWS\System32\WS2_32.dll
0x00007ffffcd00000 - 0x00007ffffcd12000 	C:\WINDOWS\SYSTEM32\kernel.appcore.dll
0x00007ffffba70000 - 0x00007ffffba7a000 	C:\Program Files\Java\jdk-17.0.1\bin\jimage.dll
0x00007fffe3e10000 - 0x00007fffe3ff4000 	C:\WINDOWS\SYSTEM32\DBGHELP.DLL
0x00007fffe3de0000 - 0x00007fffe3e0c000 	C:\WINDOWS\SYSTEM32\dbgcore.DLL
0x00007ffffeb80000 - 0x00007ffffec03000 	C:\WINDOWS\System32\bcryptPrimitives.dll
0x00007ffffb6f0000 - 0x00007ffffb6fe000 	C:\Program Files\Java\jdk-17.0.1\bin\instrument.dll
0x00007ffff9ac0000 - 0x00007ffff9ae5000 	C:\Program Files\Java\jdk-17.0.1\bin\java.dll
0x00007ffff6840000 - 0x00007ffff6916000 	C:\Program Files\Java\jdk-17.0.1\bin\svml.dll
0x00007ffffee50000 - 0x00007fffff58f000 	C:\WINDOWS\System32\SHELL32.dll
0x00007ffffc560000 - 0x00007ffffccf0000 	C:\WINDOWS\SYSTEM32\windows.storage.dll
0x00007ff800270000 - 0x00007ff8005c5000 	C:\WINDOWS\System32\combase.dll
0x00007ffffde00000 - 0x00007ffffde2e000 	C:\WINDOWS\SYSTEM32\Wldp.dll
0x00007ffffeda0000 - 0x00007ffffee4d000 	C:\WINDOWS\System32\SHCORE.dll
0x00007ff800160000 - 0x00007ff8001b5000 	C:\WINDOWS\System32\shlwapi.dll
0x00007ffffe3c0000 - 0x00007ffffe3df000 	C:\WINDOWS\SYSTEM32\profapi.dll
0x00007ffff9aa0000 - 0x00007ffff9ab9000 	C:\Program Files\Java\jdk-17.0.1\bin\net.dll
0x00007fffee030000 - 0x00007fffee13c000 	C:\WINDOWS\SYSTEM32\WINHTTP.dll
0x00007ffffdb60000 - 0x00007ffffdbca000 	C:\WINDOWS\system32\mswsock.dll
0x00007ffff9a80000 - 0x00007ffff9a95000 	C:\Program Files\Java\jdk-17.0.1\bin\nio.dll
0x00007ffff9970000 - 0x00007ffff9988000 	C:\Program Files\Java\jdk-17.0.1\bin\zip.dll
0x00007ffff7e70000 - 0x00007ffff7e8a000 	C:\Program Files\JetBrains\IntelliJ IDEA Community Edition 2021.2.3\bin\breakgen64.dll
0x0000025c13130000 - 0x0000025c13133000 	C:\Users\MilanVissers\Documents\javafx-sdk-17.0.1\bin\api-ms-win-core-console-l1-1-0.dll
0x0000025c15070000 - 0x0000025c15073000 	C:\Users\MilanVissers\Documents\javafx-sdk-17.0.1\bin\api-ms-win-core-console-l1-2-0.dll
0x0000025c15080000 - 0x0000025c15083000 	C:\Users\MilanVissers\Documents\javafx-sdk-17.0.1\bin\api-ms-win-core-datetime-l1-1-0.dll
0x0000025c15090000 - 0x0000025c15093000 	C:\Users\MilanVissers\Documents\javafx-sdk-17.0.1\bin\api-ms-win-core-debug-l1-1-0.dll
0x0000025c150a0000 - 0x0000025c150a3000 	C:\Users\MilanVissers\Documents\javafx-sdk-17.0.1\bin\api-ms-win-core-errorhandling-l1-1-0.dll
0x0000025c150b0000 - 0x0000025c150b4000 	C:\Users\MilanVissers\Documents\javafx-sdk-17.0.1\bin\api-ms-win-core-file-l1-1-0.dll
0x0000025c150c0000 - 0x0000025c150c3000 	C:\Users\MilanVissers\Documents\javafx-sdk-17.0.1\bin\api-ms-win-core-file-l1-2-0.dll
0x0000025c150d0000 - 0x0000025c150d3000 	C:\Users\MilanVissers\Documents\javafx-sdk-17.0.1\bin\api-ms-win-core-file-l2-1-0.dll
0x0000025c150e0000 - 0x0000025c150e3000 	C:\Users\MilanVissers\Documents\javafx-sdk-17.0.1\bin\api-ms-win-core-handle-l1-1-0.dll
0x0000025c32a40000 - 0x0000025c32a43000 	C:\Users\MilanVissers\Documents\javafx-sdk-17.0.1\bin\api-ms-win-core-heap-l1-1-0.dll
0x0000025c32a50000 - 0x0000025c32a53000 	C:\Users\MilanVissers\Documents\javafx-sdk-17.0.1\bin\api-ms-win-core-interlocked-l1-1-0.dll
0x0000025c32a60000 - 0x0000025c32a63000 	C:\Users\MilanVissers\Documents\javafx-sdk-17.0.1\bin\api-ms-win-core-libraryloader-l1-1-0.dll
0x0000025c32a70000 - 0x0000025c32a73000 	C:\Users\MilanVissers\Documents\javafx-sdk-17.0.1\bin\api-ms-win-core-localization-l1-2-0.dll
0x0000025c32a80000 - 0x0000025c32a83000 	C:\Users\MilanVissers\Documents\javafx-sdk-17.0.1\bin\api-ms-win-core-memory-l1-1-0.dll
0x0000025c32a90000 - 0x0000025c32a93000 	C:\Users\MilanVissers\Documents\javafx-sdk-17.0.1\bin\api-ms-win-core-namedpipe-l1-1-0.dll
0x0000025c32bd0000 - 0x0000025c32bd3000 	C:\Users\MilanVissers\Documents\javafx-sdk-17.0.1\bin\api-ms-win-core-processenvironment-l1-1-0.dll
0x0000025c32aa0000 - 0x0000025c32aa3000 	C:\Users\MilanVissers\Documents\javafx-sdk-17.0.1\bin\api-ms-win-core-processthreads-l1-1-0.dll
0x0000025c32ab0000 - 0x0000025c32ab3000 	C:\Users\MilanVissers\Documents\javafx-sdk-17.0.1\bin\api-ms-win-core-processthreads-l1-1-1.dll
0x0000025c32ac0000 - 0x0000025c32ac3000 	C:\Users\MilanVissers\Documents\javafx-sdk-17.0.1\bin\api-ms-win-core-profile-l1-1-0.dll
0x0000025c32ad0000 - 0x0000025c32ad3000 	C:\Users\MilanVissers\Documents\javafx-sdk-17.0.1\bin\api-ms-win-core-rtlsupport-l1-1-0.dll
0x0000025c32ae0000 - 0x0000025c32ae3000 	C:\Users\MilanVissers\Documents\javafx-sdk-17.0.1\bin\api-ms-win-core-string-l1-1-0.dll
0x0000025c32af0000 - 0x0000025c32af3000 	C:\Users\MilanVissers\Documents\javafx-sdk-17.0.1\bin\api-ms-win-core-synch-l1-1-0.dll
0x0000025c32b00000 - 0x0000025c32b03000 	C:\Users\MilanVissers\Documents\javafx-sdk-17.0.1\bin\api-ms-win-core-synch-l1-2-0.dll
0x0000025c32b10000 - 0x0000025c32b13000 	C:\Users\MilanVissers\Documents\javafx-sdk-17.0.1\bin\api-ms-win-core-sysinfo-l1-1-0.dll
0x0000025c32b20000 - 0x0000025c32b23000 	C:\Users\MilanVissers\Documents\javafx-sdk-17.0.1\bin\api-ms-win-core-timezone-l1-1-0.dll
0x0000025c32b30000 - 0x0000025c32b33000 	C:\Users\MilanVissers\Documents\javafx-sdk-17.0.1\bin\api-ms-win-core-util-l1-1-0.dll
0x0000025c32b40000 - 0x0000025c32b43000 	C:\Users\MilanVissers\Documents\javafx-sdk-17.0.1\bin\api-ms-win-crt-conio-l1-1-0.dll
0x0000025c32b50000 - 0x0000025c32b54000 	C:\Users\MilanVissers\Documents\javafx-sdk-17.0.1\bin\api-ms-win-crt-convert-l1-1-0.dll
0x0000025c32b60000 - 0x0000025c32b63000 	C:\Users\MilanVissers\Documents\javafx-sdk-17.0.1\bin\api-ms-win-crt-environment-l1-1-0.dll
0x0000025c32b70000 - 0x0000025c32b73000 	C:\Users\MilanVissers\Documents\javafx-sdk-17.0.1\bin\api-ms-win-crt-filesystem-l1-1-0.dll
0x0000025c32b80000 - 0x0000025c32b83000 	C:\Users\MilanVissers\Documents\javafx-sdk-17.0.1\bin\api-ms-win-crt-heap-l1-1-0.dll
0x0000025c32b90000 - 0x0000025c32b93000 	C:\Users\MilanVissers\Documents\javafx-sdk-17.0.1\bin\api-ms-win-crt-locale-l1-1-0.dll
0x0000025c32ba0000 - 0x0000025c32ba5000 	C:\Users\MilanVissers\Documents\javafx-sdk-17.0.1\bin\api-ms-win-crt-math-l1-1-0.dll
0x0000025c32bb0000 - 0x0000025c32bb5000 	C:\Users\MilanVissers\Documents\javafx-sdk-17.0.1\bin\api-ms-win-crt-multibyte-l1-1-0.dll
0x0000025c32bc0000 - 0x0000025c32bd0000 	C:\Users\MilanVissers\Documents\javafx-sdk-17.0.1\bin\api-ms-win-crt-private-l1-1-0.dll
0x0000025c32be0000 - 0x0000025c32be3000 	C:\Users\MilanVissers\Documents\javafx-sdk-17.0.1\bin\api-ms-win-crt-process-l1-1-0.dll
0x0000025c32bf0000 - 0x0000025c32bf4000 	C:\Users\MilanVissers\Documents\javafx-sdk-17.0.1\bin\api-ms-win-crt-runtime-l1-1-0.dll
0x0000025c35310000 - 0x0000025c35314000 	C:\Users\MilanVissers\Documents\javafx-sdk-17.0.1\bin\api-ms-win-crt-stdio-l1-1-0.dll
0x0000025c35320000 - 0x0000025c35324000 	C:\Users\MilanVissers\Documents\javafx-sdk-17.0.1\bin\api-ms-win-crt-string-l1-1-0.dll
0x0000025c35330000 - 0x0000025c35333000 	C:\Users\MilanVissers\Documents\javafx-sdk-17.0.1\bin\api-ms-win-crt-time-l1-1-0.dll
0x0000025c35340000 - 0x0000025c35343000 	C:\Users\MilanVissers\Documents\javafx-sdk-17.0.1\bin\api-ms-win-crt-utility-l1-1-0.dll
0x00007fffcfae0000 - 0x00007fffcfbdc000 	C:\Users\MilanVissers\Documents\javafx-sdk-17.0.1\bin\ucrtbase.dll
0x00007ffff7b10000 - 0x00007ffff7b2a000 	C:\Users\MilanVissers\Documents\javafx-sdk-17.0.1\bin\vcruntime140.dll
0x00007ffff67e0000 - 0x00007ffff67ec000 	C:\Users\MilanVissers\Documents\javafx-sdk-17.0.1\bin\vcruntime140_1.dll
0x00007ffff6750000 - 0x00007ffff67dd000 	C:\Users\MilanVissers\Documents\javafx-sdk-17.0.1\bin\msvcp140.dll
0x00007ffff6720000 - 0x00007ffff674a000 	C:\Users\MilanVissers\Documents\javafx-sdk-17.0.1\bin\prism_d3d.dll
0x00007fffde2f0000 - 0x00007fffde4be000 	C:\WINDOWS\system32\d3d9.dll
0x00007ffffbf80000 - 0x00007ffffbfaf000 	C:\WINDOWS\SYSTEM32\dwmapi.dll
0x00007ffffbbb0000 - 0x00007ffffbc4e000 	C:\WINDOWS\system32\uxtheme.dll
0x00007fffd09a0000 - 0x00007fffd0c13000 	C:\WINDOWS\System32\DriverStore\FileRepository\igdlh64.inf_amd64_6ee3ae9b5e598778\igdumdim64.dll
0x00007fff9b8b0000 - 0x00007fff9efe4000 	C:\WINDOWS\System32\DriverStore\FileRepository\igdlh64.inf_amd64_6ee3ae9b5e598778\igd9dxva64.dll
0x00007fffffba0000 - 0x00007fffffcca000 	C:\WINDOWS\System32\ole32.dll
0x00007ff800730000 - 0x00007ff8007fd000 	C:\WINDOWS\System32\OLEAUT32.dll
0x00007ffff5ce0000 - 0x00007ffff5d22000 	C:\Users\MilanVissers\Documents\javafx-sdk-17.0.1\bin\glass.dll
0x00007ff800630000 - 0x00007ff80070a000 	C:\WINDOWS\System32\COMDLG32.dll
0x00007ff800030000 - 0x00007ff800145000 	C:\WINDOWS\System32\MSCTF.dll
0x00007ffff50d0000 - 0x00007ffff510b000 	C:\WINDOWS\SYSTEM32\dxcore.dll
0x00007ffffeb30000 - 0x00007ffffeb7e000 	C:\WINDOWS\System32\cfgmgr32.dll

dbghelp: loaded successfully - version: 4.0.5 - missing functions: none
symbol engine: initialized successfully - sym options: 0x614 - pdb path: .;C:\Program Files\Java\jdk-17.0.1\bin;C:\WINDOWS\SYSTEM32;C:\WINDOWS\WinSxS\amd64_microsoft.windows.common-controls_6595b64144ccf1df_6.0.19041.1110_none_60b5254171f9507e;C:\Program Files\Java\jdk-17.0.1\bin\server;C:\Program Files\JetBrains\IntelliJ IDEA Community Edition 2021.2.3\bin;C:\Users\MilanVissers\Documents\javafx-sdk-17.0.1\bin;C:\WINDOWS\System32\DriverStore\FileRepository\igdlh64.inf_amd64_6ee3ae9b5e598778

VM Arguments:
jvm_args: --module-path=C:\Users\MilanVissers\Documents\javafx-sdk-17.0.1\lib --add-modules=javafx.controls,javafx.fxml --add-modules=javafx.web -javaagent:C:\Program Files\JetBrains\IntelliJ IDEA Community Edition 2021.2.3\lib\idea_rt.jar=63376:C:\Program Files\JetBrains\IntelliJ IDEA Community Edition 2021.2.3\bin -Dfile.encoding=UTF-8 
java_command: StartApp
java_class_path (initial): C:\Users\MilanVissers\IdeaProjects\programmerenProjectfinalVersion1\out\production\programmerenProjectfinalVersion;C:\Users\MilanVissers\Documents\javafx-sdk-17.0.1\lib\javafx-swt.jar;C:\Users\MilanVissers\Documents\javafx-sdk-17.0.1\lib\javafx.web.jar;C:\Users\MilanVissers\Documents\javafx-sdk-17.0.1\lib\javafx.base.jar;C:\Users\MilanVissers\Documents\javafx-sdk-17.0.1\lib\javafx.fxml.jar;C:\Users\MilanVissers\Documents\javafx-sdk-17.0.1\lib\javafx.media.jar;C:\Users\MilanVissers\Documents\javafx-sdk-17.0.1\lib\javafx.swing.jar;C:\Users\MilanVissers\Documents\javafx-sdk-17.0.1\lib\javafx.controls.jar;C:\Users\MilanVissers\Documents\javafx-sdk-17.0.1\lib\javafx.graphics.jar;C:\Program Files (x86)\MySQL\Connector J 8.0\mysql-connector-java-8.0.27.jar
Launcher Type: SUN_STANDARD

[Global flags]
     intx CICompilerCount                          = 3                                         {product} {ergonomic}
     uint ConcGCThreads                            = 1                                         {product} {ergonomic}
     uint G1ConcRefinementThreads                  = 4                                         {product} {ergonomic}
   size_t G1HeapRegionSize                         = 1048576                                   {product} {ergonomic}
    uintx GCDrainStackTargetSize                   = 64                                        {product} {ergonomic}
   size_t InitialHeapSize                          = 132120576                                 {product} {ergonomic}
   size_t MarkStackSize                            = 4194304                                   {product} {ergonomic}
   size_t MaxHeapSize                              = 2113929216                                {product} {ergonomic}
   size_t MaxNewSize                               = 1267728384                                {product} {ergonomic}
   size_t MinHeapDeltaBytes                        = 1048576                                   {product} {ergonomic}
   size_t MinHeapSize                              = 8388608                                   {product} {ergonomic}
    uintx NonNMethodCodeHeapSize                   = 5832780                                {pd product} {ergonomic}
    uintx NonProfiledCodeHeapSize                  = 122912730                              {pd product} {ergonomic}
    uintx ProfiledCodeHeapSize                     = 122912730                              {pd product} {ergonomic}
    uintx ReservedCodeCacheSize                    = 251658240                              {pd product} {ergonomic}
     bool SegmentedCodeCache                       = true                                      {product} {ergonomic}
   size_t SoftMaxHeapSize                          = 2113929216                             {manageable} {ergonomic}
     bool UseCompressedClassPointers               = true                           {product lp64_product} {ergonomic}
     bool UseCompressedOops                        = true                           {product lp64_product} {ergonomic}
     bool UseG1GC                                  = true                                      {product} {ergonomic}
     bool UseLargePagesIndividualAllocation        = false                                  {pd product} {ergonomic}

Logging:
Log output configuration:
 #0: stdout all=warning uptime,level,tags
 #1: stderr all=off uptime,level,tags

Environment Variables:
PATH=C:\Program Files\Common Files\Oracle\Java\javapath;C:\Program Files (x86)\VMware\VMware Player\bin\;C:\WINDOWS\system32;C:\WINDOWS;C:\WINDOWS\System32\Wbem;C:\WINDOWS\System32\WindowsPowerShell\v1.0\;C:\WINDOWS\System32\OpenSSH\;C:\Program Files\Git\cmd;C:\Users\MilanVissers\AppData\Local\Microsoft\WindowsApps;
USERNAME=MilanVissers
OS=Windows_NT
PROCESSOR_IDENTIFIER=Intel64 Family 6 Model 78 Stepping 3, GenuineIntel



---------------  S Y S T E M  ---------------

OS:
 Windows 10 , 64 bit Build 19041 (10.0.19041.1348)
OS uptime: 4 days 5:36 hours

CPU: total 4 (initial active 4) (2 cores per cpu, 2 threads per core) family 6 model 78 stepping 3 microcode 0xcc, cx8, cmov, fxsr, ht, mmx, 3dnowpref, sse, sse2, sse3, ssse3, sse4.1, sse4.2, popcnt, lzcnt, tsc, tscinvbit, avx, avx2, aes, erms, clmul, bmi1, bmi2, adx, fma, vzeroupper, clflush, clflushopt

Memory: 4k page, system-wide physical 8056M (544M free)
TotalPageFile size 8056M (AvailPageFile size 214M)
current process WorkingSet (physical memory assigned to process): 74M, peak: 74M
current process commit charge ("private bytes"): 232M, peak: 238M

vm_info: Java HotSpot(TM) 64-Bit Server VM (17.0.1+12-LTS-39) for windows-amd64 JRE (17.0.1+12-LTS-39), built on Sep 27 2021 18:41:35 by "mach5one" with MS VC++ 16.8 (VS2019)

END.
